#
# A fatal error has been detected by the Java Runtime Environment:
#
#  Internal Error (javaClasses.cpp:136), pid=4152, tid=3060
#  fatal error: Invalid layout of preloaded class
#
# JRE version:  (7.0_51-b13) (build )
# Java VM: Java HotSpot(TM) 64-Bit Server VM (24.51-b03 mixed mode windows-amd64 compressed oops)
# Failed to write core dump. Minidumps are not enabled by default on client versions of Windows
#
# If you would like to submit a bug report, please visit:
#   http://bugreport.sun.com/bugreport/crash.jsp
#

---------------  T H R E A D  ---------------

Current thread (0x0000000002520800):  JavaThread "Unknown thread" [_thread_in_vm, id=3060, stack(0x0000000002420000,0x0000000002520000)]

Stack: [0x0000000002420000,0x0000000002520000]

---------------  P R O C E S S  ---------------

Java Threads: ( => current thread )

Other Threads:

=>0x0000000002520800 (exited) JavaThread "Unknown thread" [_thread_in_vm, id=3060, stack(0x0000000002420000,0x0000000002520000)]

VM state:not at safepoint (not fully initialized)

VM Mutex/Monitor currently owned by a thread: None

GC Heap History (0 events):
No events

Deoptimization events (0 events):
No events

Internal exceptions (0 events):
No events

Events (10 events):
Event: 0.189 loading class 0x0000000002564680 done
Event: 0.190 loading class 0x00000000025640a0 done
Event: 0.190 loading class 0x0000000002564080
Event: 0.190 loading class 0x000000000256c180
Event: 0.190 loading class 0x000000000256c180 done
Event: 0.190 loading class 0x000000000256c1b0
Event: 0.190 loading class 0x000000000256c1b0 done
Event: 0.190 loading class 0x000000000256c1e0
Event: 0.191 loading class 0x000000000256c1e0 done
Event: 0.191 loading class 0x0000000002564080 done


Dynamic libraries:
0x000007f6af8a0000 - 0x000007f6af8d3000 	C:\Program Files\Java\jre7\bin\javaw.exe
0x000007fda14c0000 - 0x000007fda167e000 	C:\Windows\SYSTEM32\ntdll.dll
0x000007fda1380000 - 0x000007fda14b7000 	C:\Windows\system32\KERNEL32.DLL
0x000007fd9e790000 - 0x000007fd9e884000 	C:\Windows\system32\KERNELBASE.dll
0x000007fda09c0000 - 0x000007fda0a9e000 	C:\Windows\system32\ADVAPI32.dll
0x000007fda0ce0000 - 0x000007fda0e2c000 	C:\Windows\system32\USER32.dll
0x000007fd99d60000 - 0x000007fd99fca000 	C:\Windows\WinSxS\amd64_microsoft.windows.common-controls_6595b64144ccf1df_6.0.9200.16579_none_418ab7ef718b27ef\COMCTL32.dll
0x000007fda10a0000 - 0x000007fda1145000 	C:\Windows\system32\msvcrt.dll
0x000007fda0210000 - 0x000007fda0258000 	C:\Windows\SYSTEM32\sechost.dll
0x000007fda02b0000 - 0x000007fda03f5000 	C:\Windows\system32\RPCRT4.dll
0x000007fd9eb30000 - 0x000007fd9ec71000 	C:\Windows\system32\GDI32.dll
0x000007fd9ece0000 - 0x000007fd9ed19000 	C:\Windows\system32\IMM32.DLL
0x000007fd9ed20000 - 0x000007fd9ee36000 	C:\Windows\system32\MSCTF.dll
0x0000000055160000 - 0x0000000055232000 	C:\Program Files\Java\jre7\bin\msvcr100.dll
0x00000000558b0000 - 0x0000000056079000 	C:\Program Files\Java\jre7\bin\server\jvm.dll
0x000007fd9bf00000 - 0x000007fd9bf09000 	C:\Windows\SYSTEM32\WSOCK32.dll
0x000007fd99160000 - 0x000007fd99180000 	C:\Windows\SYSTEM32\WINMM.dll
0x000007fd9eac0000 - 0x000007fd9eac7000 	C:\Windows\system32\PSAPI.DLL
0x000007fd9ead0000 - 0x000007fd9eb28000 	C:\Windows\system32\WS2_32.dll
0x000007fd99120000 - 0x000007fd99152000 	C:\Windows\SYSTEM32\WINMMBASE.dll
0x000007fda11f0000 - 0x000007fda11f9000 	C:\Windows\system32\NSI.dll
0x00000000558a0000 - 0x00000000558af000 	C:\Program Files\Java\jre7\bin\verify.dll
0x0000000055870000 - 0x0000000055898000 	C:\Program Files\Java\jre7\bin\java.dll
0x0000000055850000 - 0x0000000055865000 	C:\Program Files\Java\jre7\bin\zip.dll

VM Arguments:
jvm_args: -Dfile.encoding=Cp1252 -Xbootclasspath:C:\Android\sdk\platforms\android-19\android.jar 
java_command: com.gerquinn.heritagevancouver.helpers.DirectoryReader
Launcher Type: SUN_STANDARD

Environment Variables:
CLASSPATH=.;C:\Program Files (x86)\Java\jre7\lib\ext\QTJava.zip
PATH=C:\Windows\system32;C:\Windows;C:\Windows\System32\Wbem;C:\Windows\System32\WindowsPowerShell\v1.0\ C:\apache-ant-1.9.4\bin;C:\Program Files\nodejs\;C:\Ruby21\bin;C:\Users\Ger\AppData\Roaming\npm
USERNAME=Ger
OS=Windows_NT
PROCESSOR_IDENTIFIER=Intel64 Family 6 Model 58 Stepping 9, GenuineIntel



---------------  S Y S T E M  ---------------

OS: Windows 8 , 64 bit Build 9200 

CPU:total 4 (2 cores per cpu, 2 threads per core) family 6 model 58 stepping 9, cmov, cx8, fxsr, mmx, sse, sse2, sse3, ssse3, sse4.1, sse4.2, popcnt, avx, aes, erms, ht, tsc, tscinvbit, tscinv

Memory: 4k page, physical 8264496k(5671104k free), swap 11541296k(8069008k free)

vm_info: Java HotSpot(TM) 64-Bit Server VM (24.51-b03) for windows-amd64 JRE (1.7.0_51-b13), built on Dec 18 2013 18:40:56 by "java_re" with unknown MS VC++:1600

time: Sun Dec 28 16:47:24 2014
elapsed time: 0 seconds

